<?xml version="1.0" encoding="UTF-8"?>
<!-- Generated by org.testng.reporters.JUnitXMLReporter -->
<testsuite hostname="DESKTOP-ABGGL0D" ignored="0" name="Default test" tests="6" failures="0" timestamp="2021-02-05T13:47:25 IST" time="0.103" errors="0">
  <testcase name="cleanup" time="0.013" classname="com.test.concepts.Dependency1"/>
  <testcase name="insert" time="0.003" classname="com.test.concepts.Dependency1"/>
  <testcase name="init" time="0.003" classname="com.test.concepts.Dependency1"/>
  <testcase name="select" time="0.002" classname="com.test.concepts.Dependency1"/>
  <testcase name="update" time="0.006" classname="com.test.concepts.Dependency1"/>
  <testcase name="delete" time="0.005" classname="com.test.concepts.Dependency1"/>
</testsuite> <!-- Default test -->
