<?xml version="1.0" encoding="UTF-8"?>
<!-- Generated by org.testng.reporters.JUnitXMLReporter -->
<testsuite hostname="DESKTOP-ABGGL0D" ignored="0" name="Test" tests="6" failures="0" timestamp="2021-02-05T13:45:00 IST" time="0.113" errors="0">
  <testcase name="APITest1" time="0.012" classname="com.test.concepts.GroupTest"/>
  <testcase name="APITest2" time="0.003" classname="com.test.concepts.GroupTest"/>
  <testcase name="JavaTest1" time="0.002" classname="com.test.concepts.GroupTest"/>
  <testcase name="JavaTest2" time="0.002" classname="com.test.concepts.GroupTest"/>
  <testcase name="seleniumTest1" time="0.005" classname="com.test.concepts.GroupTest"/>
  <testcase name="seleniumTest2" time="0.005" classname="com.test.concepts.GroupTest"/>
</testsuite> <!-- Test -->
