<?xml version="1.0" encoding="UTF-8"?>
<testng-results skipped="0" failed="0" ignored="0" total="6" passed="6">
  <reporter-output>
  </reporter-output>
  <suite name="Default suite" duration-ms="103" started-at="2021-02-05T13:47:25 IST" finished-at="2021-02-05T13:47:25 IST">
    <groups>
    </groups>
    <test name="Default test" duration-ms="103" started-at="2021-02-05T13:47:25 IST" finished-at="2021-02-05T13:47:25 IST">
      <class name="com.test.concepts.Dependency1">
        <test-method status="PASS" signature="cleanup()[pri:0, instance:com.test.concepts.Dependency1@614ddd49]" name="cleanup" duration-ms="13" started-at="2021-02-05T13:47:25 IST" finished-at="2021-02-05T13:47:25 IST">
          <reporter-output>
          </reporter-output>
        </test-method> <!-- cleanup -->
        <test-method status="PASS" signature="insert()[pri:0, instance:com.test.concepts.Dependency1@614ddd49]" name="insert" duration-ms="3" started-at="2021-02-05T13:47:25 IST" finished-at="2021-02-05T13:47:25 IST">
          <reporter-output>
          </reporter-output>
        </test-method> <!-- insert -->
        <test-method status="PASS" signature="init()[pri:0, instance:com.test.concepts.Dependency1@614ddd49]" name="init" duration-ms="3" started-at="2021-02-05T13:47:25 IST" finished-at="2021-02-05T13:47:25 IST">
          <reporter-output>
          </reporter-output>
        </test-method> <!-- init -->
        <test-method status="PASS" signature="select()[pri:0, instance:com.test.concepts.Dependency1@614ddd49]" name="select" duration-ms="2" started-at="2021-02-05T13:47:25 IST" depends-on-methods="com.test.concepts.Dependency1.cleanup" finished-at="2021-02-05T13:47:25 IST">
          <reporter-output>
          </reporter-output>
        </test-method> <!-- select -->
        <test-method status="PASS" signature="update()[pri:0, instance:com.test.concepts.Dependency1@614ddd49]" name="update" duration-ms="6" started-at="2021-02-05T13:47:25 IST" depends-on-methods="com.test.concepts.Dependency1.select" finished-at="2021-02-05T13:47:25 IST">
          <reporter-output>
          </reporter-output>
        </test-method> <!-- update -->
        <test-method status="PASS" signature="delete()[pri:0, instance:com.test.concepts.Dependency1@614ddd49]" name="delete" duration-ms="5" started-at="2021-02-05T13:47:25 IST" depends-on-methods="com.test.concepts.Dependency1.update" finished-at="2021-02-05T13:47:25 IST">
          <reporter-output>
          </reporter-output>
        </test-method> <!-- delete -->
      </class> <!-- com.test.concepts.Dependency1 -->
    </test> <!-- Default test -->
  </suite> <!-- Default suite -->
</testng-results>
